openat(AT_FDCWD, "/etc/ld.so.cache", O_RDONLY|O_CLOEXEC) = 3
openat(AT_FDCWD, "/lib/x86_64-linux-gnu/libprocps.so.6", O_RDONLY|O_CLOEXEC) = 3
openat(AT_FDCWD, "/lib/x86_64-linux-gnu/libdl.so.2", O_RDONLY|O_CLOEXEC) = 3
openat(AT_FDCWD, "/lib/x86_64-linux-gnu/libc.so.6", O_RDONLY|O_CLOEXEC) = 3
openat(AT_FDCWD, "/lib/x86_64-linux-gnu/libsystemd.so.0", O_RDONLY|O_CLOEXEC) = 3
openat(AT_FDCWD, "/lib/x86_64-linux-gnu/librt.so.1", O_RDONLY|O_CLOEXEC) = 3
openat(AT_FDCWD, "/lib/x86_64-linux-gnu/liblzma.so.5", O_RDONLY|O_CLOEXEC) = 3
openat(AT_FDCWD, "/usr/lib/x86_64-linux-gnu/liblz4.so.1", O_RDONLY|O_CLOEXEC) = 3
openat(AT_FDCWD, "/lib/x86_64-linux-gnu/libgcrypt.so.20", O_RDONLY|O_CLOEXEC) = 3
openat(AT_FDCWD, "/lib/x86_64-linux-gnu/libpthread.so.0", O_RDONLY|O_CLOEXEC) = 3
openat(AT_FDCWD, "/lib/x86_64-linux-gnu/libgpg-error.so.0", O_RDONLY|O_CLOEXEC) = 3
openat(AT_FDCWD, "/proc/sys/kernel/osrelease", O_RDONLY) = 3
openat(AT_FDCWD, "/sys/devices/system/cpu/online", O_RDONLY|O_CLOEXEC) = 3
openat(AT_FDCWD, "/usr/lib/locale/locale-archive", O_RDONLY|O_CLOEXEC) = 3
openat(AT_FDCWD, "/proc/self/stat", O_RDONLY) = 3
openat(AT_FDCWD, "/proc/uptime", O_RDONLY) = 3
openat(AT_FDCWD, "/usr/share/locale/locale.alias", O_RDONLY|O_CLOEXEC) = 4
openat(AT_FDCWD, "/usr/share/locale/en_US.UTF-8/LC_MESSAGES/procps-ng.mo", O_RDONLY) = -1 ENOENT (No such file or directory)
openat(AT_FDCWD, "/usr/share/locale/en_US.utf8/LC_MESSAGES/procps-ng.mo", O_RDONLY) = -1 ENOENT (No such file or directory)
openat(AT_FDCWD, "/usr/share/locale/en_US/LC_MESSAGES/procps-ng.mo", O_RDONLY) = -1 ENOENT (No such file or directory)
openat(AT_FDCWD, "/usr/share/locale/en.UTF-8/LC_MESSAGES/procps-ng.mo", O_RDONLY) = -1 ENOENT (No such file or directory)
openat(AT_FDCWD, "/usr/share/locale/en.utf8/LC_MESSAGES/procps-ng.mo", O_RDONLY) = -1 ENOENT (No such file or directory)
openat(AT_FDCWD, "/usr/share/locale/en/LC_MESSAGES/procps-ng.mo", O_RDONLY) = -1 ENOENT (No such file or directory)
openat(AT_FDCWD, "/usr/share/locale-langpack/en_US.UTF-8/LC_MESSAGES/procps-ng.mo", O_RDONLY) = -1 ENOENT (No such file or directory)
openat(AT_FDCWD, "/usr/share/locale-langpack/en_US.utf8/LC_MESSAGES/procps-ng.mo", O_RDONLY) = -1 ENOENT (No such file or directory)
openat(AT_FDCWD, "/usr/share/locale-langpack/en_US/LC_MESSAGES/procps-ng.mo", O_RDONLY) = -1 ENOENT (No such file or directory)
openat(AT_FDCWD, "/usr/share/locale-langpack/en.UTF-8/LC_MESSAGES/procps-ng.mo", O_RDONLY) = -1 ENOENT (No such file or directory)
openat(AT_FDCWD, "/usr/share/locale-langpack/en.utf8/LC_MESSAGES/procps-ng.mo", O_RDONLY) = -1 ENOENT (No such file or directory)
openat(AT_FDCWD, "/usr/share/locale-langpack/en/LC_MESSAGES/procps-ng.mo", O_RDONLY) = -1 ENOENT (No such file or directory)
openat(AT_FDCWD, "/proc/sys/kernel/pid_max", O_RDONLY) = 4
openat(AT_FDCWD, "/proc/sys/kernel/osrelease", O_RDONLY) = 4
openat(AT_FDCWD, "/proc/meminfo", O_RDONLY) = 4
openat(AT_FDCWD, "/proc", O_RDONLY|O_NONBLOCK|O_CLOEXEC|O_DIRECTORY) = 5
openat(AT_FDCWD, "/proc/1/stat", O_RDONLY) = 6
openat(AT_FDCWD, "/proc/1/status", O_RDONLY) = 6
openat(AT_FDCWD, "/proc/2/stat", O_RDONLY) = 6
openat(AT_FDCWD, "/proc/2/status", O_RDONLY) = 6
openat(AT_FDCWD, "/proc/3/stat", O_RDONLY) = 6
openat(AT_FDCWD, "/proc/3/status", O_RDONLY) = 6
openat(AT_FDCWD, "/proc/4/stat", O_RDONLY) = 6
openat(AT_FDCWD, "/proc/4/status", O_RDONLY) = 6
openat(AT_FDCWD, "/proc/6/stat", O_RDONLY) = 6
openat(AT_FDCWD, "/proc/6/status", O_RDONLY) = 6
openat(AT_FDCWD, "/proc/9/stat", O_RDONLY) = 6
openat(AT_FDCWD, "/proc/9/status", O_RDONLY) = 6
openat(AT_FDCWD, "/proc/10/stat", O_RDONLY) = 6
openat(AT_FDCWD, "/proc/10/status", O_RDONLY) = 6
openat(AT_FDCWD, "/proc/11/stat", O_RDONLY) = 6
openat(AT_FDCWD, "/proc/11/status", O_RDONLY) = 6
openat(AT_FDCWD, "/proc/12/stat", O_RDONLY) = 6
openat(AT_FDCWD, "/proc/12/status", O_RDONLY) = 6
openat(AT_FDCWD, "/proc/13/stat", O_RDONLY) = 6
openat(AT_FDCWD, "/proc/13/status", O_RDONLY) = 6
openat(AT_FDCWD, "/proc/14/stat", O_RDONLY) = 6
openat(AT_FDCWD, "/proc/14/status", O_RDONLY) = 6
openat(AT_FDCWD, "/proc/15/stat", O_RDONLY) = 6
openat(AT_FDCWD, "/proc/15/status", O_RDONLY) = 6
openat(AT_FDCWD, "/proc/16/stat", O_RDONLY) = 6
openat(AT_FDCWD, "/proc/16/status", O_RDONLY) = 6
openat(AT_FDCWD, "/proc/17/stat", O_RDONLY) = 6
openat(AT_FDCWD, "/proc/17/status", O_RDONLY) = 6
openat(AT_FDCWD, "/proc/18/stat", O_RDONLY) = 6
openat(AT_FDCWD, "/proc/18/status", O_RDONLY) = 6
openat(AT_FDCWD, "/proc/19/stat", O_RDONLY) = 6
openat(AT_FDCWD, "/proc/19/status", O_RDONLY) = 6
openat(AT_FDCWD, "/proc/20/stat", O_RDONLY) = 6
openat(AT_FDCWD, "/proc/20/status", O_RDONLY) = 6
openat(AT_FDCWD, "/proc/21/stat", O_RDONLY) = 6
openat(AT_FDCWD, "/proc/21/status", O_RDONLY) = 6
openat(AT_FDCWD, "/proc/22/stat", O_RDONLY) = 6
openat(AT_FDCWD, "/proc/22/status", O_RDONLY) = 6
openat(AT_FDCWD, "/proc/23/stat", O_RDONLY) = 6
openat(AT_FDCWD, "/proc/23/status", O_RDONLY) = 6
openat(AT_FDCWD, "/proc/24/stat", O_RDONLY) = 6
openat(AT_FDCWD, "/proc/24/status", O_RDONLY) = 6
openat(AT_FDCWD, "/proc/25/stat", O_RDONLY) = 6
openat(AT_FDCWD, "/proc/25/status", O_RDONLY) = 6
openat(AT_FDCWD, "/proc/71/stat", O_RDONLY) = 6
openat(AT_FDCWD, "/proc/71/status", O_RDONLY) = 6
openat(AT_FDCWD, "/proc/72/stat", O_RDONLY) = 6
openat(AT_FDCWD, "/proc/72/status", O_RDONLY) = 6
openat(AT_FDCWD, "/proc/73/stat", O_RDONLY) = 6
openat(AT_FDCWD, "/proc/73/status", O_RDONLY) = 6
openat(AT_FDCWD, "/proc/74/stat", O_RDONLY) = 6
openat(AT_FDCWD, "/proc/74/status", O_RDONLY) = 6
openat(AT_FDCWD, "/proc/75/stat", O_RDONLY) = 6
openat(AT_FDCWD, "/proc/75/status", O_RDONLY) = 6
openat(AT_FDCWD, "/proc/76/stat", O_RDONLY) = 6
openat(AT_FDCWD, "/proc/76/status", O_RDONLY) = 6
openat(AT_FDCWD, "/proc/77/stat", O_RDONLY) = 6
openat(AT_FDCWD, "/proc/77/status", O_RDONLY) = 6
openat(AT_FDCWD, "/proc/78/stat", O_RDONLY) = 6
openat(AT_FDCWD, "/proc/78/status", O_RDONLY) = 6
openat(AT_FDCWD, "/proc/79/stat", O_RDONLY) = 6
openat(AT_FDCWD, "/proc/79/status", O_RDONLY) = 6
openat(AT_FDCWD, "/proc/82/stat", O_RDONLY) = 6
openat(AT_FDCWD, "/proc/82/status", O_RDONLY) = 6
openat(AT_FDCWD, "/proc/83/stat", O_RDONLY) = 6
openat(AT_FDCWD, "/proc/83/status", O_RDONLY) = 6
openat(AT_FDCWD, "/proc/84/stat", O_RDONLY) = 6
openat(AT_FDCWD, "/proc/84/status", O_RDONLY) = 6
openat(AT_FDCWD, "/proc/86/stat", O_RDONLY) = 6
openat(AT_FDCWD, "/proc/86/status", O_RDONLY) = 6
openat(AT_FDCWD, "/proc/87/stat", O_RDONLY) = 6
openat(AT_FDCWD, "/proc/87/status", O_RDONLY) = 6
openat(AT_FDCWD, "/proc/88/stat", O_RDONLY) = 6
openat(AT_FDCWD, "/proc/88/status", O_RDONLY) = 6
openat(AT_FDCWD, "/proc/89/stat", O_RDONLY) = 6
openat(AT_FDCWD, "/proc/89/status", O_RDONLY) = 6
openat(AT_FDCWD, "/proc/90/stat", O_RDONLY) = 6
openat(AT_FDCWD, "/proc/90/status", O_RDONLY) = 6
openat(AT_FDCWD, "/proc/91/stat", O_RDONLY) = 6
openat(AT_FDCWD, "/proc/91/status", O_RDONLY) = 6
openat(AT_FDCWD, "/proc/92/stat", O_RDONLY) = 6
openat(AT_FDCWD, "/proc/92/status", O_RDONLY) = 6
openat(AT_FDCWD, "/proc/93/stat", O_RDONLY) = 6
openat(AT_FDCWD, "/proc/93/status", O_RDONLY) = 6
openat(AT_FDCWD, "/proc/95/stat", O_RDONLY) = 6
openat(AT_FDCWD, "/proc/95/status", O_RDONLY) = 6
openat(AT_FDCWD, "/proc/101/stat", O_RDONLY) = 6
openat(AT_FDCWD, "/proc/101/status", O_RDONLY) = 6
openat(AT_FDCWD, "/proc/105/stat", O_RDONLY) = 6
openat(AT_FDCWD, "/proc/105/status", O_RDONLY) = 6
openat(AT_FDCWD, "/proc/172/stat", O_RDONLY) = 6
openat(AT_FDCWD, "/proc/172/status", O_RDONLY) = 6
openat(AT_FDCWD, "/proc/280/stat", O_RDONLY) = 6
openat(AT_FDCWD, "/proc/280/status", O_RDONLY) = 6
openat(AT_FDCWD, "/proc/330/stat", O_RDONLY) = 6
openat(AT_FDCWD, "/proc/330/status", O_RDONLY) = 6
openat(AT_FDCWD, "/proc/331/stat", O_RDONLY) = 6
openat(AT_FDCWD, "/proc/331/status", O_RDONLY) = 6
openat(AT_FDCWD, "/proc/422/stat", O_RDONLY) = 6
openat(AT_FDCWD, "/proc/422/status", O_RDONLY) = 6
openat(AT_FDCWD, "/proc/437/stat", O_RDONLY) = 6
openat(AT_FDCWD, "/proc/437/status", O_RDONLY) = 6
openat(AT_FDCWD, "/proc/439/stat", O_RDONLY) = 6
openat(AT_FDCWD, "/proc/439/status", O_RDONLY) = 6
openat(AT_FDCWD, "/proc/460/stat", O_RDONLY) = 6
openat(AT_FDCWD, "/proc/460/status", O_RDONLY) = 6
openat(AT_FDCWD, "/proc/468/stat", O_RDONLY) = 6
openat(AT_FDCWD, "/proc/468/status", O_RDONLY) = 6
openat(AT_FDCWD, "/proc/470/stat", O_RDONLY) = 6
openat(AT_FDCWD, "/proc/470/status", O_RDONLY) = 6
openat(AT_FDCWD, "/proc/472/stat", O_RDONLY) = 6
openat(AT_FDCWD, "/proc/472/status", O_RDONLY) = 6
openat(AT_FDCWD, "/proc/475/stat", O_RDONLY) = 6
openat(AT_FDCWD, "/proc/475/status", O_RDONLY) = 6
openat(AT_FDCWD, "/proc/478/stat", O_RDONLY) = 6
openat(AT_FDCWD, "/proc/478/status", O_RDONLY) = 6
openat(AT_FDCWD, "/proc/591/stat", O_RDONLY) = 6
openat(AT_FDCWD, "/proc/591/status", O_RDONLY) = 6
openat(AT_FDCWD, "/proc/789/stat", O_RDONLY) = 6
openat(AT_FDCWD, "/proc/789/status", O_RDONLY) = 6
openat(AT_FDCWD, "/proc/845/stat", O_RDONLY) = 6
openat(AT_FDCWD, "/proc/845/status", O_RDONLY) = 6
openat(AT_FDCWD, "/proc/1055/stat", O_RDONLY) = 6
openat(AT_FDCWD, "/proc/1055/status", O_RDONLY) = 6
openat(AT_FDCWD, "/proc/1057/stat", O_RDONLY) = 6
openat(AT_FDCWD, "/proc/1057/status", O_RDONLY) = 6
openat(AT_FDCWD, "/proc/1065/stat", O_RDONLY) = 6
openat(AT_FDCWD, "/proc/1065/status", O_RDONLY) = 6
openat(AT_FDCWD, "/proc/1073/stat", O_RDONLY) = 6
openat(AT_FDCWD, "/proc/1073/status", O_RDONLY) = 6
openat(AT_FDCWD, "/proc/1074/stat", O_RDONLY) = 6
openat(AT_FDCWD, "/proc/1074/status", O_RDONLY) = 6
openat(AT_FDCWD, "/proc/1077/stat", O_RDONLY) = 6
openat(AT_FDCWD, "/proc/1077/status", O_RDONLY) = 6
openat(AT_FDCWD, "/proc/1097/stat", O_RDONLY) = 6
openat(AT_FDCWD, "/proc/1097/status", O_RDONLY) = 6
openat(AT_FDCWD, "/proc/1107/stat", O_RDONLY) = 6
openat(AT_FDCWD, "/proc/1107/status", O_RDONLY) = 6
openat(AT_FDCWD, "/proc/1111/stat", O_RDONLY) = 6
openat(AT_FDCWD, "/proc/1111/status", O_RDONLY) = 6
openat(AT_FDCWD, "/proc/1120/stat", O_RDONLY) = 6
openat(AT_FDCWD, "/proc/1120/status", O_RDONLY) = 6
openat(AT_FDCWD, "/proc/1127/stat", O_RDONLY) = 6
openat(AT_FDCWD, "/proc/1127/status", O_RDONLY) = 6
openat(AT_FDCWD, "/proc/1130/stat", O_RDONLY) = 6
openat(AT_FDCWD, "/proc/1130/status", O_RDONLY) = 6
openat(AT_FDCWD, "/proc/1133/stat", O_RDONLY) = 6
openat(AT_FDCWD, "/proc/1133/status", O_RDONLY) = 6
openat(AT_FDCWD, "/proc/1159/stat", O_RDONLY) = 6
openat(AT_FDCWD, "/proc/1159/status", O_RDONLY) = 6
openat(AT_FDCWD, "/proc/1209/stat", O_RDONLY) = 6
openat(AT_FDCWD, "/proc/1209/status", O_RDONLY) = 6
openat(AT_FDCWD, "/proc/1350/stat", O_RDONLY) = 6
openat(AT_FDCWD, "/proc/1350/status", O_RDONLY) = 6
openat(AT_FDCWD, "/proc/1352/stat", O_RDONLY) = 6
openat(AT_FDCWD, "/proc/1352/status", O_RDONLY) = 6
openat(AT_FDCWD, "/proc/1541/stat", O_RDONLY) = 6
openat(AT_FDCWD, "/proc/1541/status", O_RDONLY) = 6
openat(AT_FDCWD, "/proc/1542/stat", O_RDONLY) = 6
openat(AT_FDCWD, "/proc/1542/status", O_RDONLY) = 6
openat(AT_FDCWD, "/proc/1543/stat", O_RDONLY) = 6
openat(AT_FDCWD, "/proc/1543/status", O_RDONLY) = 6
openat(AT_FDCWD, "/proc/1544/stat", O_RDONLY) = 6
openat(AT_FDCWD, "/proc/1544/status", O_RDONLY) = 6
openat(AT_FDCWD, "/proc/1595/stat", O_RDONLY) = 6
openat(AT_FDCWD, "/proc/1595/status", O_RDONLY) = 6
openat(AT_FDCWD, "/proc/2430/stat", O_RDONLY) = 6
openat(AT_FDCWD, "/proc/2430/status", O_RDONLY) = 6
openat(AT_FDCWD, "/proc/2669/stat", O_RDONLY) = 6
openat(AT_FDCWD, "/proc/2669/status", O_RDONLY) = 6
openat(AT_FDCWD, "/proc/3643/stat", O_RDONLY) = 6
openat(AT_FDCWD, "/proc/3643/status", O_RDONLY) = 6
openat(AT_FDCWD, "/proc/4111/stat", O_RDONLY) = 6
openat(AT_FDCWD, "/proc/4111/status", O_RDONLY) = 6
openat(AT_FDCWD, "/proc/4520/stat", O_RDONLY) = 6
openat(AT_FDCWD, "/proc/4520/status", O_RDONLY) = 6
openat(AT_FDCWD, "/proc/5914/stat", O_RDONLY) = 6
openat(AT_FDCWD, "/proc/5914/status", O_RDONLY) = 6
openat(AT_FDCWD, "/proc/5918/stat", O_RDONLY) = 6
openat(AT_FDCWD, "/proc/5918/status", O_RDONLY) = 6
openat(AT_FDCWD, "/proc/6015/stat", O_RDONLY) = 6
openat(AT_FDCWD, "/proc/6015/status", O_RDONLY) = 6
openat(AT_FDCWD, "/proc/6122/stat", O_RDONLY) = 6
openat(AT_FDCWD, "/proc/6122/status", O_RDONLY) = 6
openat(AT_FDCWD, "/proc/6123/stat", O_RDONLY) = 6
openat(AT_FDCWD, "/proc/6123/status", O_RDONLY) = 6
openat(AT_FDCWD, "/proc/6125/stat", O_RDONLY) = 6
openat(AT_FDCWD, "/proc/6125/status", O_RDONLY) = 6
openat(AT_FDCWD, "/proc/6320/stat", O_RDONLY) = 6
openat(AT_FDCWD, "/proc/6320/status", O_RDONLY) = 6
openat(AT_FDCWD, "/proc/6461/stat", O_RDONLY) = 6
openat(AT_FDCWD, "/proc/6461/status", O_RDONLY) = 6
openat(AT_FDCWD, "/proc/6462/stat", O_RDONLY) = 6
openat(AT_FDCWD, "/proc/6462/status", O_RDONLY) = 6
openat(AT_FDCWD, "/proc/6573/stat", O_RDONLY) = 6
openat(AT_FDCWD, "/proc/6573/status", O_RDONLY) = 6
openat(AT_FDCWD, "/proc/6950/stat", O_RDONLY) = 6
openat(AT_FDCWD, "/proc/6950/status", O_RDONLY) = 6
openat(AT_FDCWD, "/proc/6959/stat", O_RDONLY) = 6
openat(AT_FDCWD, "/proc/6959/status", O_RDONLY) = 6
openat(AT_FDCWD, "/proc/8422/stat", O_RDONLY) = 6
openat(AT_FDCWD, "/proc/8422/status", O_RDONLY) = 6
openat(AT_FDCWD, "/proc/9975/stat", O_RDONLY) = 6
openat(AT_FDCWD, "/proc/9975/status", O_RDONLY) = 6
openat(AT_FDCWD, "/proc/10304/stat", O_RDONLY) = 6
openat(AT_FDCWD, "/proc/10304/status", O_RDONLY) = 6
openat(AT_FDCWD, "/proc/10381/stat", O_RDONLY) = 6
openat(AT_FDCWD, "/proc/10381/status", O_RDONLY) = 6
openat(AT_FDCWD, "/proc/10385/stat", O_RDONLY) = 6
openat(AT_FDCWD, "/proc/10385/status", O_RDONLY) = 6
openat(AT_FDCWD, "/proc/13018/stat", O_RDONLY) = 6
openat(AT_FDCWD, "/proc/13018/status", O_RDONLY) = 6
openat(AT_FDCWD, "/proc/14017/stat", O_RDONLY) = 6
openat(AT_FDCWD, "/proc/14017/status", O_RDONLY) = 6
openat(AT_FDCWD, "/proc/14324/stat", O_RDONLY) = 6
openat(AT_FDCWD, "/proc/14324/status", O_RDONLY) = 6
openat(AT_FDCWD, "/proc/14548/stat", O_RDONLY) = 6
openat(AT_FDCWD, "/proc/14548/status", O_RDONLY) = 6
openat(AT_FDCWD, "/proc/14639/stat", O_RDONLY) = 6
openat(AT_FDCWD, "/proc/14639/status", O_RDONLY) = 6
openat(AT_FDCWD, "/proc/tty/drivers", O_RDONLY) = 6
openat(AT_FDCWD, "/usr/lib/x86_64-linux-gnu/gconv/gconv-modules.cache", O_RDONLY) = 6
openat(AT_FDCWD, "/proc/14950/stat", O_RDONLY) = 6
openat(AT_FDCWD, "/proc/14950/status", O_RDONLY) = 6
openat(AT_FDCWD, "/proc/15179/stat", O_RDONLY) = 6
openat(AT_FDCWD, "/proc/15179/status", O_RDONLY) = 6
openat(AT_FDCWD, "/proc/15426/stat", O_RDONLY) = 6
openat(AT_FDCWD, "/proc/15426/status", O_RDONLY) = 6
openat(AT_FDCWD, "/proc/15428/stat", O_RDONLY) = 6
openat(AT_FDCWD, "/proc/15428/status", O_RDONLY) = 6
openat(AT_FDCWD, "/proc/16877/stat", O_RDONLY) = 6
openat(AT_FDCWD, "/proc/16877/status", O_RDONLY) = 6
openat(AT_FDCWD, "/proc/16885/stat", O_RDONLY) = 6
openat(AT_FDCWD, "/proc/16885/status", O_RDONLY) = 6
openat(AT_FDCWD, "/proc/16969/stat", O_RDONLY) = 6
openat(AT_FDCWD, "/proc/16969/status", O_RDONLY) = 6
openat(AT_FDCWD, "/proc/17018/stat", O_RDONLY) = 6
openat(AT_FDCWD, "/proc/17018/status", O_RDONLY) = 6
openat(AT_FDCWD, "/proc/17096/stat", O_RDONLY) = 6
openat(AT_FDCWD, "/proc/17096/status", O_RDONLY) = 6
openat(AT_FDCWD, "/proc/21405/stat", O_RDONLY) = 6
openat(AT_FDCWD, "/proc/21405/status", O_RDONLY) = 6
openat(AT_FDCWD, "/proc/32430/stat", O_RDONLY) = 6
openat(AT_FDCWD, "/proc/32430/status", O_RDONLY) = 6
openat(AT_FDCWD, "/proc/32445/stat", O_RDONLY) = 6
openat(AT_FDCWD, "/proc/32445/status", O_RDONLY) = 6
+++ exited with 0 +++
